<?xml version="1.0" encoding="UTF-8"?>
<!-- Generated by org.testng.reporters.JUnitXMLReporter -->
<testsuite hostname="User-PC" ignored="0" name="packageTest" tests="10" failures="2" timestamp="25 Dec 2017 09:35:19 GMT" time="0.81" errors="0">
  <testcase name="firstTest" time="0.001" classname="com.Selenium.testNG.BasicTestNgTest"/>
  <testcase name="secondTest" time="0.001" classname="com.Selenium.testNG.BasicTestNgTest"/>
  <testcase name="thirdTest" time="0.0" classname="com.Selenium.testNG.BasicTestNgTest"/>
  <testcase name="fifthTest" time="0.0" classname="com.Selenium.testNG.BasicTestNgTest2"/>
  <testcase name="fourthTest" time="0.001" classname="com.Selenium.testNG.BasicTestNgTest2"/>
  <testcase name="methodGrouping1" time="0.0" classname="com.Selenium.testNG.methodGrouping"/>
  <testcase name="methodGrouping2" time="0.0" classname="com.Selenium.testNG.methodGrouping"/>
  <testcase name="methodGrouping3" time="0.0" classname="com.Selenium.testNG.methodGrouping"/>
  <testcase name="chromeDriverTest" time="0.296" classname="com.Selenium.testNG.SampleTest">
    <failure type="java.lang.NoSuchMethodError" message="com.google.common.base.Preconditions.checkState(ZLjava/lang/String;Ljava/lang/Object;Ljava/lang/Object;Ljava/lang/Object;)V">
      <![CDATA[java.lang.NoSuchMethodError: com.google.common.base.Preconditions.checkState(ZLjava/lang/String;Ljava/lang/Object;Ljava/lang/Object;Ljava/lang/Object;)V
	at org.openqa.selenium.remote.service.DriverService.findExecutable(DriverService.java:124)
	at org.openqa.selenium.chrome.ChromeDriverService.access$000(ChromeDriverService.java:32)
	at org.openqa.selenium.chrome.ChromeDriverService$Builder.findDefaultExecutable(ChromeDriverService.java:137)
	at org.openqa.selenium.remote.service.DriverService$Builder.build(DriverService.java:339)
	at org.openqa.selenium.chrome.ChromeDriverService.createDefaultService(ChromeDriverService.java:88)
	at org.openqa.selenium.chrome.ChromeDriver.<init>(ChromeDriver.java:123)
	at com.Selenium.testNG.SampleTest.chromeDriverTest(SampleTest.java:32)
... Removed 24 stack frames]]>
    </failure>
  </testcase> <!-- chromeDriverTest -->
  <testcase name="firefoxDriverTest" time="0.435" classname="com.Selenium.testNG.SampleTest">
    <failure type="java.lang.NoSuchMethodError" message="com.google.common.base.Preconditions.checkState(ZLjava/lang/String;Ljava/lang/Object;)V">
      <![CDATA[java.lang.NoSuchMethodError: com.google.common.base.Preconditions.checkState(ZLjava/lang/String;Ljava/lang/Object;)V
	at org.openqa.selenium.remote.service.DriverService.checkExecutable(DriverService.java:136)
	at org.openqa.selenium.firefox.GeckoDriverService.access$000(GeckoDriverService.java:41)
	at org.openqa.selenium.firefox.GeckoDriverService$Builder.usingFirefoxBinary(GeckoDriverService.java:134)
	at org.openqa.selenium.firefox.FirefoxDriver.toExecutor(FirefoxDriver.java:155)
	at org.openqa.selenium.firefox.FirefoxDriver.<init>(FirefoxDriver.java:120)
	at org.openqa.selenium.firefox.FirefoxDriver.<init>(FirefoxDriver.java:98)
	at com.Selenium.testNG.SampleTest.firefoxDriverTest(SampleTest.java:46)
... Removed 24 stack frames]]>
    </failure>
  </testcase> <!-- firefoxDriverTest -->
</testsuite> <!-- packageTest -->
